<?xml version="1.0" encoding="UTF-8"?>
<testsuite name="ohtuesimerkki.StatisticsTest" tests="4" skipped="0" failures="0" errors="0" timestamp="2020-01-27T18:27:43" hostname="LAPTOP-D5G14IFC" time="0.015">
  <properties/>
  <testcase name="pelaajaLoytyy" classname="ohtuesimerkki.StatisticsTest" time="0.007"/>
  <testcase name="pelaajaaEiLoydy" classname="ohtuesimerkki.StatisticsTest" time="0.0"/>
  <testcase name="kaikkiJoukkueenPelaajat" classname="ohtuesimerkki.StatisticsTest" time="0.0"/>
  <testcase name="topPelaajat" classname="ohtuesimerkki.StatisticsTest" time="0.002"/>
  <system-out><![CDATA[]]></system-out>
  <system-err><![CDATA[]]></system-err>
</testsuite>
